  [1m[36m (177.4ms)[0m  [1mCREATE TABLE "schema_migrations" ("version" varchar(255) NOT NULL) [0m
  [1m[35m (0.1ms)[0m  select sqlite_version(*)
  [1m[36m (124.8ms)[0m  [1mCREATE UNIQUE INDEX "unique_schema_migrations" ON "schema_migrations" ("version")[0m
  [1m[35mActiveRecord::SchemaMigration Load (0.2ms)[0m  SELECT "schema_migrations".* FROM "schema_migrations"
Migrating to CreateMovies (20121121163535)
  [1m[36m (0.1ms)[0m  [1mbegin transaction[0m
  [1m[35m (0.4ms)[0m  CREATE TABLE "movies" ("id" INTEGER PRIMARY KEY AUTOINCREMENT NOT NULL, "title" varchar(255), "rating" varchar(255), "total_gross" decimal, "created_at" datetime, "updated_at" datetime) 
  [1m[36mSQL (1.4ms)[0m  [1mINSERT INTO "schema_migrations" ("version") VALUES (?)[0m  [["version", "20121121163535"]]
  [1m[35m (117.1ms)[0m  commit transaction
Migrating to AddFieldsToMovies (20121121180707)
  [1m[36m (0.1ms)[0m  [1mbegin transaction[0m
  [1m[35m (0.3ms)[0m  ALTER TABLE "movies" ADD "description" text
  [1m[36m (0.1ms)[0m  [1mALTER TABLE "movies" ADD "released_on" date[0m
  [1m[35mSQL (0.2ms)[0m  INSERT INTO "schema_migrations" ("version") VALUES (?)  [["version", "20121121180707"]]
  [1m[36m (122.1ms)[0m  [1mcommit transaction[0m
Migrating to AddMoreFieldsToMovies (20121210234158)
  [1m[35m (0.1ms)[0m  begin transaction
  [1m[36m (0.4ms)[0m  [1mALTER TABLE "movies" ADD "cast" varchar(255)[0m
  [1m[35m (0.2ms)[0m  ALTER TABLE "movies" ADD "director" varchar(255)
  [1m[36m (0.2ms)[0m  [1mALTER TABLE "movies" ADD "duration" varchar(255)[0m
  [1m[35m (0.2ms)[0m  ALTER TABLE "movies" ADD "image_file_name" varchar(255)
  [1m[36mSQL (0.3ms)[0m  [1mINSERT INTO "schema_migrations" ("version") VALUES (?)[0m  [["version", "20121210234158"]]
  [1m[35m (104.8ms)[0m  commit transaction
Migrating to CreateReviews (20121217184756)
  [1m[36m (0.1ms)[0m  [1mbegin transaction[0m
  [1m[35m (0.3ms)[0m  CREATE TABLE "reviews" ("id" INTEGER PRIMARY KEY AUTOINCREMENT NOT NULL, "name" varchar(255), "stars" integer, "comment" text, "movie_id" integer, "created_at" datetime, "updated_at" datetime) 
  [1m[36m (0.1ms)[0m  [1mCREATE  INDEX "index_reviews_on_movie_id" ON "reviews" ("movie_id")[0m
  [1m[35mSQL (0.1ms)[0m  INSERT INTO "schema_migrations" ("version") VALUES (?)  [["version", "20121217184756"]]
  [1m[36m (113.9ms)[0m  [1mcommit transaction[0m
Migrating to CreateUsers (20131206155220)
  [1m[35m (0.1ms)[0m  begin transaction
  [1m[36m (0.3ms)[0m  [1mCREATE TABLE "users" ("id" INTEGER PRIMARY KEY AUTOINCREMENT NOT NULL, "name" varchar(255), "email" varchar(255), "created_at" datetime, "updated_at" datetime) [0m
  [1m[35mSQL (0.2ms)[0m  INSERT INTO "schema_migrations" ("version") VALUES (?)  [["version", "20131206155220"]]
  [1m[36m (113.6ms)[0m  [1mcommit transaction[0m
Migrating to AddPasswordDigestToUsers (20131206164208)
  [1m[35m (0.1ms)[0m  begin transaction
  [1m[36m (0.3ms)[0m  [1mALTER TABLE "users" ADD "password_digest" varchar(255)[0m
  [1m[35mSQL (0.2ms)[0m  INSERT INTO "schema_migrations" ("version") VALUES (?)  [["version", "20131206164208"]]
  [1m[36m (131.0ms)[0m  [1mcommit transaction[0m
Migrating to AddAdminToUsers (20131206181622)
  [1m[35m (0.1ms)[0m  begin transaction
  [1m[36m (0.4ms)[0m  [1mALTER TABLE "users" ADD "admin" boolean DEFAULT 'f'[0m
  [1m[35mSQL (0.2ms)[0m  INSERT INTO "schema_migrations" ("version") VALUES (?)  [["version", "20131206181622"]]
  [1m[36m (119.4ms)[0m  [1mcommit transaction[0m
Migrating to MakeReviewsAJoinTable (20131206184058)
  [1m[35m (0.1ms)[0m  begin transaction
  [1m[36mSQL (0.2ms)[0m  [1mDELETE FROM "reviews"[0m
  [1m[35m (0.3ms)[0m  CREATE TEMPORARY TABLE "areviews" ("id" INTEGER PRIMARY KEY AUTOINCREMENT NOT NULL, "name" varchar(255), "stars" integer, "comment" text, "movie_id" integer, "created_at" datetime, "updated_at" datetime) 
  [1m[36m (0.1ms)[0m  [1m            SELECT sql
            FROM sqlite_master
            WHERE name='index_reviews_on_movie_id' AND type='index'
            UNION ALL
            SELECT sql
            FROM sqlite_temp_master
            WHERE name='index_reviews_on_movie_id' AND type='index'
[0m
  [1m[35m (0.1ms)[0m  CREATE  INDEX "tindex_areviews_on_movie_id" ON "areviews" ("movie_id")
  [1m[36m (0.1ms)[0m  [1mSELECT * FROM "reviews"[0m
  [1m[35m (0.2ms)[0m  DROP TABLE "reviews"
  [1m[36m (0.1ms)[0m  [1mCREATE TABLE "reviews" ("id" INTEGER PRIMARY KEY AUTOINCREMENT NOT NULL, "stars" integer, "comment" text, "movie_id" integer, "created_at" datetime, "updated_at" datetime) [0m
  [1m[35m (0.1ms)[0m              SELECT sql
            FROM sqlite_master
            WHERE name='tindex_areviews_on_movie_id' AND type='index'
            UNION ALL
            SELECT sql
            FROM sqlite_temp_master
            WHERE name='tindex_areviews_on_movie_id' AND type='index'

  [1m[36m (0.1ms)[0m  [1mCREATE  INDEX "index_reviews_on_movie_id" ON "reviews" ("movie_id")[0m
  [1m[35m (0.1ms)[0m  SELECT * FROM "areviews"
  [1m[36m (0.1ms)[0m  [1mDROP TABLE "areviews"[0m
  [1m[35m (0.1ms)[0m  ALTER TABLE "reviews" ADD "user_id" integer
  [1m[36mSQL (0.1ms)[0m  [1mINSERT INTO "schema_migrations" ("version") VALUES (?)[0m  [["version", "20131206184058"]]
  [1m[35m (135.4ms)[0m  commit transaction
Migrating to CreateFavorites (20131213231553)
  [1m[36m (0.1ms)[0m  [1mbegin transaction[0m
  [1m[35m (0.3ms)[0m  CREATE TABLE "favorites" ("id" INTEGER PRIMARY KEY AUTOINCREMENT NOT NULL, "movie_id" integer, "user_id" integer, "created_at" datetime, "updated_at" datetime) 
  [1m[36m (0.1ms)[0m  [1mCREATE  INDEX "index_favorites_on_movie_id" ON "favorites" ("movie_id")[0m
  [1m[35m (0.1ms)[0m              SELECT sql
            FROM sqlite_master
            WHERE name='index_favorites_on_movie_id' AND type='index'
            UNION ALL
            SELECT sql
            FROM sqlite_temp_master
            WHERE name='index_favorites_on_movie_id' AND type='index'

  [1m[36m (0.1ms)[0m  [1mCREATE  INDEX "index_favorites_on_user_id" ON "favorites" ("user_id")[0m
  [1m[35mSQL (0.1ms)[0m  INSERT INTO "schema_migrations" ("version") VALUES (?)  [["version", "20131213231553"]]
  [1m[36m (146.6ms)[0m  [1mcommit transaction[0m
Migrating to CreateGenres (20131217190152)
  [1m[35m (0.1ms)[0m  begin transaction
  [1m[36m (0.3ms)[0m  [1mCREATE TABLE "genres" ("id" INTEGER PRIMARY KEY AUTOINCREMENT NOT NULL, "name" varchar(255), "created_at" datetime, "updated_at" datetime) [0m
  [1m[35mSQL (0.3ms)[0m  INSERT INTO "schema_migrations" ("version") VALUES (?)  [["version", "20131217190152"]]
  [1m[36m (138.9ms)[0m  [1mcommit transaction[0m
Migrating to CreateCharacterizations (20131217190354)
  [1m[35m (0.1ms)[0m  begin transaction
  [1m[36m (0.3ms)[0m  [1mCREATE TABLE "characterizations" ("id" INTEGER PRIMARY KEY AUTOINCREMENT NOT NULL, "movie_id" integer, "genre_id" integer, "created_at" datetime, "updated_at" datetime) [0m
  [1m[35m (0.1ms)[0m  CREATE  INDEX "index_characterizations_on_movie_id" ON "characterizations" ("movie_id")
  [1m[36m (0.1ms)[0m  [1m            SELECT sql
            FROM sqlite_master
            WHERE name='index_characterizations_on_movie_id' AND type='index'
            UNION ALL
            SELECT sql
            FROM sqlite_temp_master
            WHERE name='index_characterizations_on_movie_id' AND type='index'
[0m
  [1m[35m (0.1ms)[0m  CREATE  INDEX "index_characterizations_on_genre_id" ON "characterizations" ("genre_id")
  [1m[36mSQL (0.1ms)[0m  [1mINSERT INTO "schema_migrations" ("version") VALUES (?)[0m  [["version", "20131217190354"]]
  [1m[35m (130.3ms)[0m  commit transaction
Migrating to AddSlugToMovies (20140116002223)
  [1m[36m (0.1ms)[0m  [1mbegin transaction[0m
  [1m[35m (0.3ms)[0m  ALTER TABLE "movies" ADD "slug" varchar(255)
  [1m[36mSQL (0.3ms)[0m  [1mINSERT INTO "schema_migrations" ("version") VALUES (?)[0m  [["version", "20140116002223"]]
  [1m[35m (114.0ms)[0m  commit transaction
  [1m[36mActiveRecord::SchemaMigration Load (0.1ms)[0m  [1mSELECT "schema_migrations".* FROM "schema_migrations"[0m
  [1m[35m (0.1ms)[0m              SELECT sql
            FROM sqlite_master
            WHERE name='index_characterizations_on_genre_id' AND type='index'
            UNION ALL
            SELECT sql
            FROM sqlite_temp_master
            WHERE name='index_characterizations_on_genre_id' AND type='index'

  [1m[36m (0.1ms)[0m  [1m            SELECT sql
            FROM sqlite_master
            WHERE name='index_characterizations_on_movie_id' AND type='index'
            UNION ALL
            SELECT sql
            FROM sqlite_temp_master
            WHERE name='index_characterizations_on_movie_id' AND type='index'
[0m
  [1m[35m (0.1ms)[0m              SELECT sql
            FROM sqlite_master
            WHERE name='index_favorites_on_user_id' AND type='index'
            UNION ALL
            SELECT sql
            FROM sqlite_temp_master
            WHERE name='index_favorites_on_user_id' AND type='index'

  [1m[36m (0.1ms)[0m  [1m            SELECT sql
            FROM sqlite_master
            WHERE name='index_favorites_on_movie_id' AND type='index'
            UNION ALL
            SELECT sql
            FROM sqlite_temp_master
            WHERE name='index_favorites_on_movie_id' AND type='index'
[0m
  [1m[35m (0.1ms)[0m              SELECT sql
            FROM sqlite_master
            WHERE name='index_reviews_on_movie_id' AND type='index'
            UNION ALL
            SELECT sql
            FROM sqlite_temp_master
            WHERE name='index_reviews_on_movie_id' AND type='index'

  [1m[36mActiveRecord::SchemaMigration Load (0.1ms)[0m  [1mSELECT "schema_migrations".* FROM "schema_migrations"[0m
  [1m[35m (0.1ms)[0m  begin transaction
  [1m[36mMovie Exists (0.2ms)[0m  [1mSELECT  1 AS one FROM "movies"  WHERE "movies"."title" = 'Iron Man' LIMIT 1[0m
  [1m[35mMovie Exists (0.1ms)[0m  SELECT  1 AS one FROM "movies"  WHERE "movies"."slug" = 'iron-man' LIMIT 1
  [1m[36mSQL (4.6ms)[0m  [1mINSERT INTO "movies" ("cast", "created_at", "description", "director", "duration", "image_file_name", "rating", "released_on", "slug", "title", "total_gross", "updated_at") VALUES (?, ?, ?, ?, ?, ?, ?, ?, ?, ?, ?, ?)[0m  [["cast", "Robert Downey Jr., Gwyneth Paltrow and Terrence Howard"], ["created_at", "2014-05-08 15:35:24.724579"], ["description", "When wealthy industrialist Tony Stark is forced to build an armored suit after a life-threatening incident, he ultimately decides to use its technology to fight against evil."], ["director", "Jon Favreau"], ["duration", "126 min"], ["image_file_name", "ironman.jpg"], ["rating", "PG-13"], ["released_on", "2008-05-02"], ["slug", "iron-man"], ["title", "Iron Man"], ["total_gross", 318412101.0], ["updated_at", "2014-05-08 15:35:24.724579"]]
  [1m[35m (197.7ms)[0m  commit transaction
  [1m[36m (0.1ms)[0m  [1mbegin transaction[0m
  [1m[35mMovie Exists (0.1ms)[0m  SELECT  1 AS one FROM "movies"  WHERE "movies"."title" = 'Superman' LIMIT 1
  [1m[36mMovie Exists (0.1ms)[0m  [1mSELECT  1 AS one FROM "movies"  WHERE "movies"."slug" = 'superman' LIMIT 1[0m
  [1m[35mSQL (0.1ms)[0m  INSERT INTO "movies" ("cast", "created_at", "description", "director", "duration", "image_file_name", "rating", "released_on", "slug", "title", "total_gross", "updated_at") VALUES (?, ?, ?, ?, ?, ?, ?, ?, ?, ?, ?, ?)  [["cast", "Christopher Reeve, Margot Kidder and Gene Hackman"], ["created_at", "2014-05-08 15:35:24.943961"], ["description", "An alien orphan is sent from his dying planet to Earth, where he grows up to become his adoptive home's first and greatest super-hero."], ["director", "Richard Donner"], ["duration", "143 min"], ["image_file_name", "superman.jpg"], ["rating", "PG"], ["released_on", "1978-12-15"], ["slug", "superman"], ["title", "Superman"], ["total_gross", 134218018.0], ["updated_at", "2014-05-08 15:35:24.943961"]]
  [1m[36m (138.3ms)[0m  [1mcommit transaction[0m
  [1m[35m (0.1ms)[0m  begin transaction
  [1m[36mMovie Exists (0.1ms)[0m  [1mSELECT  1 AS one FROM "movies"  WHERE "movies"."title" = 'Spider-Man' LIMIT 1[0m
  [1m[35mMovie Exists (0.1ms)[0m  SELECT  1 AS one FROM "movies"  WHERE "movies"."slug" = 'spider-man' LIMIT 1
  [1m[36mSQL (0.2ms)[0m  [1mINSERT INTO "movies" ("cast", "created_at", "description", "director", "duration", "image_file_name", "rating", "released_on", "slug", "title", "total_gross", "updated_at") VALUES (?, ?, ?, ?, ?, ?, ?, ?, ?, ?, ?, ?)[0m  [["cast", "Tobey Maguire, Kirsten Dunst and Willem Dafoe"], ["created_at", "2014-05-08 15:35:25.085600"], ["description", "When bitten by a genetically modified spider, a nerdy, shy, and awkward high school student gains spider-like abilities that he eventually must use to fight evil as a superhero after tragedy befalls his family."], ["director", "Sam Raimi"], ["duration", "121 min"], ["image_file_name", "spiderman.jpg"], ["rating", "PG-13"], ["released_on", "2002-05-03"], ["slug", "spider-man"], ["title", "Spider-Man"], ["total_gross", 403706375.0], ["updated_at", "2014-05-08 15:35:25.085600"]]
  [1m[35m (147.3ms)[0m  commit transaction
  [1m[36m (0.1ms)[0m  [1mbegin transaction[0m
  [1m[35mMovie Exists (0.1ms)[0m  SELECT  1 AS one FROM "movies"  WHERE "movies"."title" = 'Batman' LIMIT 1
  [1m[36mMovie Exists (0.1ms)[0m  [1mSELECT  1 AS one FROM "movies"  WHERE "movies"."slug" = 'batman' LIMIT 1[0m
  [1m[35mSQL (0.2ms)[0m  INSERT INTO "movies" ("cast", "created_at", "description", "director", "duration", "image_file_name", "rating", "released_on", "slug", "title", "total_gross", "updated_at") VALUES (?, ?, ?, ?, ?, ?, ?, ?, ?, ?, ?, ?)  [["cast", "Michael Keaton, Jack Nicholson and Kim Basinger"], ["created_at", "2014-05-08 15:35:25.236485"], ["description", "The Dark Knight of Gotham City begins his war on crime with his first major enemy being the clownishly homicidal Joker."], ["director", "Tim Burton"], ["duration", "126 min"], ["image_file_name", "batman.jpg"], ["rating", "PG-13"], ["released_on", "1989-06-23"], ["slug", "batman"], ["title", "Batman"], ["total_gross", 251188924.0], ["updated_at", "2014-05-08 15:35:25.236485"]]
  [1m[36m (146.9ms)[0m  [1mcommit transaction[0m
  [1m[35m (0.1ms)[0m  begin transaction
  [1m[36mMovie Exists (0.1ms)[0m  [1mSELECT  1 AS one FROM "movies"  WHERE "movies"."title" = 'Catwoman' LIMIT 1[0m
  [1m[35mMovie Exists (0.1ms)[0m  SELECT  1 AS one FROM "movies"  WHERE "movies"."slug" = 'catwoman' LIMIT 1
  [1m[36mSQL (0.2ms)[0m  [1mINSERT INTO "movies" ("cast", "created_at", "description", "director", "duration", "image_file_name", "rating", "released_on", "slug", "title", "total_gross", "updated_at") VALUES (?, ?, ?, ?, ?, ?, ?, ?, ?, ?, ?, ?)[0m  [["cast", "Halle Berry, Sharon Stone and Benjamin Bratt"], ["created_at", "2014-05-08 15:35:25.386827"], ["description", "Patience Philips seems destined to spend her life apologizing for taking up space. Despite her artistic ability&mdash;she has a more than respectable career as a graphic designer."], ["director", "Jean-Christophe 'Pitof' Comar"], ["duration", "101 min"], ["image_file_name", "catwoman.jpg"], ["rating", "PG-13"], ["released_on", "2004-07-23"], ["slug", "catwoman"], ["title", "Catwoman"], ["total_gross", 40200000.0], ["updated_at", "2014-05-08 15:35:25.386827"]]
  [1m[35m (147.3ms)[0m  commit transaction
  [1m[36m (0.1ms)[0m  [1mbegin transaction[0m
  [1m[35mMovie Exists (0.1ms)[0m  SELECT  1 AS one FROM "movies"  WHERE "movies"."title" = 'Batman vs. Godzilla' LIMIT 1
  [1m[36mMovie Exists (0.1ms)[0m  [1mSELECT  1 AS one FROM "movies"  WHERE "movies"."slug" = 'batman-vs-godzilla' LIMIT 1[0m
  [1m[35mSQL (0.2ms)[0m  INSERT INTO "movies" ("cast", "created_at", "description", "director", "duration", "image_file_name", "rating", "released_on", "slug", "title", "total_gross", "updated_at") VALUES (?, ?, ?, ?, ?, ?, ?, ?, ?, ?, ?, ?)  [["cast", "Bruce Wayne, Gojira"], ["created_at", "2014-05-08 15:35:25.537413"], ["description", "An epic battle between The Caped Crusader and the fire-breathing dinosaur Gojira. Hang on to your popcorn, kids!"], ["director", "Ishiro Honda"], ["duration", "211 min"], ["image_file_name", "batman-vs-godzilla.jpg"], ["rating", "PG-13"], ["released_on", "2014-05-18"], ["slug", "batman-vs-godzilla"], ["title", "Batman vs. Godzilla"], ["total_gross", 387623910.0], ["updated_at", "2014-05-08 15:35:25.537413"]]
  [1m[36m (147.3ms)[0m  [1mcommit transaction[0m
  [1m[35m (0.2ms)[0m  begin transaction
  [1m[36mUser Exists (0.2ms)[0m  [1mSELECT  1 AS one FROM "users"  WHERE LOWER("users"."email") = LOWER('roger@example.com') LIMIT 1[0m
Binary data inserted for `string` type on column `password_digest`
  [1m[35mSQL (0.2ms)[0m  INSERT INTO "users" ("created_at", "email", "name", "password_digest", "updated_at") VALUES (?, ?, ?, ?, ?)  [["created_at", "2014-05-08 15:35:25.768499"], ["email", "roger@example.com"], ["name", "Roger Ebert"], ["password_digest", "$2a$10$gBlYvVP42XuXoMhe66EWaOv543/4.zVT3c2KsDvmLZ7B7DqGDk3.q"], ["updated_at", "2014-05-08 15:35:25.768499"]]
  [1m[36m (133.4ms)[0m  [1mcommit transaction[0m
  [1m[35m (0.1ms)[0m  begin transaction
  [1m[36mUser Exists (0.2ms)[0m  [1mSELECT  1 AS one FROM "users"  WHERE LOWER("users"."email") = LOWER('gene@example.com') LIMIT 1[0m
Binary data inserted for `string` type on column `password_digest`
  [1m[35mSQL (0.1ms)[0m  INSERT INTO "users" ("created_at", "email", "name", "password_digest", "updated_at") VALUES (?, ?, ?, ?, ?)  [["created_at", "2014-05-08 15:35:25.967302"], ["email", "gene@example.com"], ["name", "Gene Siskel"], ["password_digest", "$2a$10$BqPHY3.A52LSag/rnkm9HuTP4h58Yru28SpN4pbvC/S6b.cnqpXu."], ["updated_at", "2014-05-08 15:35:25.967302"]]
  [1m[36m (110.5ms)[0m  [1mcommit transaction[0m
  [1m[35m (0.1ms)[0m  begin transaction
  [1m[36mUser Exists (0.2ms)[0m  [1mSELECT  1 AS one FROM "users"  WHERE LOWER("users"."email") = LOWER('peter@example.com') LIMIT 1[0m
Binary data inserted for `string` type on column `password_digest`
  [1m[35mSQL (0.1ms)[0m  INSERT INTO "users" ("created_at", "email", "name", "password_digest", "updated_at") VALUES (?, ?, ?, ?, ?)  [["created_at", "2014-05-08 15:35:26.141673"], ["email", "peter@example.com"], ["name", "Peter Travers"], ["password_digest", "$2a$10$ywj/dTpF055Eg2cmMeHyo.lDST/OjvZAs1RYIBTy.EFhbucEgwLNi"], ["updated_at", "2014-05-08 15:35:26.141673"]]
  [1m[36m (103.2ms)[0m  [1mcommit transaction[0m
  [1m[35m (0.1ms)[0m  begin transaction
  [1m[36mUser Exists (0.2ms)[0m  [1mSELECT  1 AS one FROM "users"  WHERE LOWER("users"."email") = LOWER('elvis@example.com') LIMIT 1[0m
Binary data inserted for `string` type on column `password_digest`
  [1m[35mSQL (0.1ms)[0m  INSERT INTO "users" ("created_at", "email", "name", "password_digest", "updated_at") VALUES (?, ?, ?, ?, ?)  [["created_at", "2014-05-08 15:35:26.311277"], ["email", "elvis@example.com"], ["name", "Elvis Mitchell"], ["password_digest", "$2a$10$vP/fx3QjeTnYTGyP.pYxMuvSShWi1P2uGYEtO.REnthHJHZ7c/TcO"], ["updated_at", "2014-05-08 15:35:26.311277"]]
  [1m[36m (118.9ms)[0m  [1mcommit transaction[0m
  [1m[35mUser Load (0.3ms)[0m  SELECT  "users".* FROM "users"  WHERE "users"."name" = 'Roger Ebert' LIMIT 1
  [1m[36mUser Load (0.1ms)[0m  [1mSELECT  "users".* FROM "users"  WHERE "users"."name" = 'Gene Siskel' LIMIT 1[0m
  [1m[35mUser Load (0.1ms)[0m  SELECT  "users".* FROM "users"  WHERE "users"."name" = 'Peter Travers' LIMIT 1
  [1m[36mUser Load (0.1ms)[0m  [1mSELECT  "users".* FROM "users"  WHERE "users"."name" = 'Elvis Mitchell' LIMIT 1[0m
  [1m[35m (0.1ms)[0m  begin transaction
  [1m[36mGenre Exists (0.1ms)[0m  [1mSELECT  1 AS one FROM "genres"  WHERE "genres"."name" = 'Action' LIMIT 1[0m
  [1m[35mSQL (0.2ms)[0m  INSERT INTO "genres" ("created_at", "name", "updated_at") VALUES (?, ?, ?)  [["created_at", "2014-05-08 15:35:26.491635"], ["name", "Action"], ["updated_at", "2014-05-08 15:35:26.491635"]]
  [1m[36m (112.7ms)[0m  [1mcommit transaction[0m
  [1m[35m (0.1ms)[0m  begin transaction
  [1m[36mGenre Exists (0.1ms)[0m  [1mSELECT  1 AS one FROM "genres"  WHERE "genres"."name" = 'Comedy' LIMIT 1[0m
  [1m[35mSQL (0.2ms)[0m  INSERT INTO "genres" ("created_at", "name", "updated_at") VALUES (?, ?, ?)  [["created_at", "2014-05-08 15:35:26.607156"], ["name", "Comedy"], ["updated_at", "2014-05-08 15:35:26.607156"]]
  [1m[36m (124.2ms)[0m  [1mcommit transaction[0m
  [1m[35m (0.1ms)[0m  begin transaction
  [1m[36mGenre Exists (0.1ms)[0m  [1mSELECT  1 AS one FROM "genres"  WHERE "genres"."name" = 'Drama' LIMIT 1[0m
  [1m[35mSQL (0.1ms)[0m  INSERT INTO "genres" ("created_at", "name", "updated_at") VALUES (?, ?, ?)  [["created_at", "2014-05-08 15:35:26.733611"], ["name", "Drama"], ["updated_at", "2014-05-08 15:35:26.733611"]]
  [1m[36m (140.1ms)[0m  [1mcommit transaction[0m
  [1m[35m (0.1ms)[0m  begin transaction
  [1m[36mGenre Exists (0.1ms)[0m  [1mSELECT  1 AS one FROM "genres"  WHERE "genres"."name" = 'Romance' LIMIT 1[0m
  [1m[35mSQL (0.1ms)[0m  INSERT INTO "genres" ("created_at", "name", "updated_at") VALUES (?, ?, ?)  [["created_at", "2014-05-08 15:35:26.875803"], ["name", "Romance"], ["updated_at", "2014-05-08 15:35:26.875803"]]
  [1m[36m (140.1ms)[0m  [1mcommit transaction[0m
  [1m[35m (0.1ms)[0m  begin transaction
  [1m[36mGenre Exists (0.1ms)[0m  [1mSELECT  1 AS one FROM "genres"  WHERE "genres"."name" = 'Thriller' LIMIT 1[0m
  [1m[35mSQL (0.1ms)[0m  INSERT INTO "genres" ("created_at", "name", "updated_at") VALUES (?, ?, ?)  [["created_at", "2014-05-08 15:35:27.018020"], ["name", "Thriller"], ["updated_at", "2014-05-08 15:35:27.018020"]]
  [1m[36m (140.2ms)[0m  [1mcommit transaction[0m
  [1m[35m (0.1ms)[0m  begin transaction
  [1m[36mGenre Exists (0.1ms)[0m  [1mSELECT  1 AS one FROM "genres"  WHERE "genres"."name" = 'Fantasy' LIMIT 1[0m
  [1m[35mSQL (0.1ms)[0m  INSERT INTO "genres" ("created_at", "name", "updated_at") VALUES (?, ?, ?)  [["created_at", "2014-05-08 15:35:27.160331"], ["name", "Fantasy"], ["updated_at", "2014-05-08 15:35:27.160331"]]
  [1m[36m (140.1ms)[0m  [1mcommit transaction[0m
  [1m[35m (0.1ms)[0m  begin transaction
  [1m[36mGenre Exists (0.1ms)[0m  [1mSELECT  1 AS one FROM "genres"  WHERE "genres"."name" = 'Documentary' LIMIT 1[0m
  [1m[35mSQL (0.1ms)[0m  INSERT INTO "genres" ("created_at", "name", "updated_at") VALUES (?, ?, ?)  [["created_at", "2014-05-08 15:35:27.302564"], ["name", "Documentary"], ["updated_at", "2014-05-08 15:35:27.302564"]]
  [1m[36m (140.1ms)[0m  [1mcommit transaction[0m
  [1m[35m (0.1ms)[0m  begin transaction
  [1m[36mGenre Exists (0.1ms)[0m  [1mSELECT  1 AS one FROM "genres"  WHERE "genres"."name" = 'Adventure' LIMIT 1[0m
  [1m[35mSQL (0.2ms)[0m  INSERT INTO "genres" ("created_at", "name", "updated_at") VALUES (?, ?, ?)  [["created_at", "2014-05-08 15:35:27.444837"], ["name", "Adventure"], ["updated_at", "2014-05-08 15:35:27.444837"]]
  [1m[36m (140.1ms)[0m  [1mcommit transaction[0m
  [1m[35m (0.1ms)[0m  begin transaction
  [1m[36mGenre Exists (0.1ms)[0m  [1mSELECT  1 AS one FROM "genres"  WHERE "genres"."name" = 'Animation' LIMIT 1[0m
  [1m[35mSQL (0.1ms)[0m  INSERT INTO "genres" ("created_at", "name", "updated_at") VALUES (?, ?, ?)  [["created_at", "2014-05-08 15:35:27.587086"], ["name", "Animation"], ["updated_at", "2014-05-08 15:35:27.587086"]]
  [1m[36m (123.5ms)[0m  [1mcommit transaction[0m
  [1m[35m (0.1ms)[0m  begin transaction
  [1m[36mGenre Exists (0.2ms)[0m  [1mSELECT  1 AS one FROM "genres"  WHERE "genres"."name" = 'Sci-Fi' LIMIT 1[0m
  [1m[35mSQL (0.1ms)[0m  INSERT INTO "genres" ("created_at", "name", "updated_at") VALUES (?, ?, ?)  [["created_at", "2014-05-08 15:35:27.712757"], ["name", "Sci-Fi"], ["updated_at", "2014-05-08 15:35:27.712757"]]
  [1m[36m (340.0ms)[0m  [1mcommit transaction[0m
  [1m[35mMovie Load (0.2ms)[0m  SELECT  "movies".* FROM "movies"  WHERE "movies"."title" = 'Iron Man' LIMIT 1
  [1m[36m (0.0ms)[0m  [1mbegin transaction[0m
  [1m[35mSQL (0.4ms)[0m  INSERT INTO "reviews" ("comment", "created_at", "movie_id", "stars", "updated_at", "user_id") VALUES (?, ?, ?, ?, ?, ?)  [["comment", "I laughed, I cried, I spilled my popcorn!"], ["created_at", "2014-05-08 15:35:28.170009"], ["movie_id", 1], ["stars", 3], ["updated_at", "2014-05-08 15:35:28.170009"], ["user_id", 1]]
  [1m[36m (116.0ms)[0m  [1mcommit transaction[0m
  [1m[35m (0.1ms)[0m  begin transaction
  [1m[36mSQL (0.2ms)[0m  [1mINSERT INTO "reviews" ("comment", "created_at", "movie_id", "stars", "updated_at", "user_id") VALUES (?, ?, ?, ?, ?, ?)[0m  [["comment", "I'm a better reviewer than he is."], ["created_at", "2014-05-08 15:35:28.288829"], ["movie_id", 1], ["stars", 5], ["updated_at", "2014-05-08 15:35:28.288829"], ["user_id", 2]]
  [1m[35m (114.9ms)[0m  commit transaction
  [1m[36m (0.1ms)[0m  [1mbegin transaction[0m
  [1m[35mSQL (0.2ms)[0m  INSERT INTO "reviews" ("comment", "created_at", "movie_id", "stars", "updated_at", "user_id") VALUES (?, ?, ?, ?, ?, ?)  [["comment", "It's been years since a movie superhero was this fierce and this funny."], ["created_at", "2014-05-08 15:35:28.406037"], ["movie_id", 1], ["stars", 4], ["updated_at", "2014-05-08 15:35:28.406037"], ["user_id", 3]]
  [1m[36m (114.8ms)[0m  [1mcommit transaction[0m
  [1m[35m (0.0ms)[0m  begin transaction
  [1m[36mSQL (0.4ms)[0m  [1mINSERT INTO "favorites" ("created_at", "movie_id", "updated_at", "user_id") VALUES (?, ?, ?, ?)[0m  [["created_at", "2014-05-08 15:35:28.537349"], ["movie_id", 1], ["updated_at", "2014-05-08 15:35:28.537349"], ["user_id", 1]]
  [1m[35m (151.5ms)[0m  commit transaction
  [1m[36m (0.1ms)[0m  [1mbegin transaction[0m
  [1m[35mSQL (0.2ms)[0m  INSERT INTO "favorites" ("created_at", "movie_id", "updated_at", "user_id") VALUES (?, ?, ?, ?)  [["created_at", "2014-05-08 15:35:28.691842"], ["movie_id", 1], ["updated_at", "2014-05-08 15:35:28.691842"], ["user_id", 2]]
  [1m[36m (148.4ms)[0m  [1mcommit transaction[0m
  [1m[35m (0.1ms)[0m  begin transaction
  [1m[36mSQL (0.2ms)[0m  [1mINSERT INTO "favorites" ("created_at", "movie_id", "updated_at", "user_id") VALUES (?, ?, ?, ?)[0m  [["created_at", "2014-05-08 15:35:28.842198"], ["movie_id", 1], ["updated_at", "2014-05-08 15:35:28.842198"], ["user_id", 4]]
  [1m[35m (148.5ms)[0m  commit transaction
  [1m[36mGenre Load (0.2ms)[0m  [1mSELECT "genres".* FROM "genres" INNER JOIN "characterizations" ON "genres"."id" = "characterizations"."genre_id" WHERE "characterizations"."movie_id" = ?[0m  [["movie_id", 1]]
  [1m[35m (0.0ms)[0m  begin transaction
  [1m[36mSQL (0.3ms)[0m  [1mINSERT INTO "characterizations" ("created_at", "genre_id", "movie_id", "updated_at") VALUES (?, ?, ?, ?)[0m  [["created_at", "2014-05-08 15:35:29.005537"], ["genre_id", 1], ["movie_id", 1], ["updated_at", "2014-05-08 15:35:29.005537"]]
  [1m[35mSQL (0.0ms)[0m  INSERT INTO "characterizations" ("created_at", "genre_id", "movie_id", "updated_at") VALUES (?, ?, ?, ?)  [["created_at", "2014-05-08 15:35:29.007358"], ["genre_id", 8], ["movie_id", 1], ["updated_at", "2014-05-08 15:35:29.007358"]]
  [1m[36mSQL (0.0ms)[0m  [1mINSERT INTO "characterizations" ("created_at", "genre_id", "movie_id", "updated_at") VALUES (?, ?, ?, ?)[0m  [["created_at", "2014-05-08 15:35:29.008185"], ["genre_id", 10], ["movie_id", 1], ["updated_at", "2014-05-08 15:35:29.008185"]]
  [1m[35m (150.2ms)[0m  commit transaction
  [1m[36mMovie Load (0.2ms)[0m  [1mSELECT  "movies".* FROM "movies"  WHERE "movies"."title" = 'Superman' LIMIT 1[0m
  [1m[35m (0.0ms)[0m  begin transaction
  [1m[36mSQL (0.2ms)[0m  [1mINSERT INTO "reviews" ("comment", "created_at", "movie_id", "stars", "updated_at", "user_id") VALUES (?, ?, ?, ?, ?, ?)[0m  [["comment", "It's a bird, it's a plane, it's a blockbuster!"], ["created_at", "2014-05-08 15:35:29.161294"], ["movie_id", 2], ["stars", 5], ["updated_at", "2014-05-08 15:35:29.161294"], ["user_id", 4]]
  [1m[35m (130.6ms)[0m  commit transaction
  [1m[36mGenre Load (0.1ms)[0m  [1mSELECT "genres".* FROM "genres" INNER JOIN "characterizations" ON "genres"."id" = "characterizations"."genre_id" WHERE "characterizations"."movie_id" = ?[0m  [["movie_id", 2]]
  [1m[35m (0.1ms)[0m  begin transaction
  [1m[36mSQL (0.2ms)[0m  [1mINSERT INTO "characterizations" ("created_at", "genre_id", "movie_id", "updated_at") VALUES (?, ?, ?, ?)[0m  [["created_at", "2014-05-08 15:35:29.294994"], ["genre_id", 1], ["movie_id", 2], ["updated_at", "2014-05-08 15:35:29.294994"]]
  [1m[35mSQL (0.0ms)[0m  INSERT INTO "characterizations" ("created_at", "genre_id", "movie_id", "updated_at") VALUES (?, ?, ?, ?)  [["created_at", "2014-05-08 15:35:29.296102"], ["genre_id", 6], ["movie_id", 2], ["updated_at", "2014-05-08 15:35:29.296102"]]
  [1m[36mSQL (0.0ms)[0m  [1mINSERT INTO "characterizations" ("created_at", "genre_id", "movie_id", "updated_at") VALUES (?, ?, ?, ?)[0m  [["created_at", "2014-05-08 15:35:29.296893"], ["genre_id", 10], ["movie_id", 2], ["updated_at", "2014-05-08 15:35:29.296893"]]
  [1m[35m (171.2ms)[0m  commit transaction
  [1m[36mMovie Load (0.3ms)[0m  [1mSELECT  "movies".* FROM "movies"  WHERE "movies"."title" = 'Spider-Man' LIMIT 1[0m
  [1m[35mGenre Load (0.1ms)[0m  SELECT "genres".* FROM "genres" INNER JOIN "characterizations" ON "genres"."id" = "characterizations"."genre_id" WHERE "characterizations"."movie_id" = ?  [["movie_id", 3]]
  [1m[36m (0.0ms)[0m  [1mbegin transaction[0m
  [1m[35mSQL (0.2ms)[0m  INSERT INTO "characterizations" ("created_at", "genre_id", "movie_id", "updated_at") VALUES (?, ?, ?, ?)  [["created_at", "2014-05-08 15:35:29.471227"], ["genre_id", 1], ["movie_id", 3], ["updated_at", "2014-05-08 15:35:29.471227"]]
  [1m[36mSQL (0.0ms)[0m  [1mINSERT INTO "characterizations" ("created_at", "genre_id", "movie_id", "updated_at") VALUES (?, ?, ?, ?)[0m  [["created_at", "2014-05-08 15:35:29.473018"], ["genre_id", 6], ["movie_id", 3], ["updated_at", "2014-05-08 15:35:29.473018"]]
  [1m[35m (120.6ms)[0m  commit transaction
  [1m[36mMovie Load (0.3ms)[0m  [1mSELECT  "movies".* FROM "movies"  WHERE "movies"."title" = 'Batman' LIMIT 1[0m
  [1m[35mGenre Load (0.1ms)[0m  SELECT "genres".* FROM "genres" INNER JOIN "characterizations" ON "genres"."id" = "characterizations"."genre_id" WHERE "characterizations"."movie_id" = ?  [["movie_id", 4]]
  [1m[36m (0.0ms)[0m  [1mbegin transaction[0m
  [1m[35mSQL (0.2ms)[0m  INSERT INTO "characterizations" ("created_at", "genre_id", "movie_id", "updated_at") VALUES (?, ?, ?, ?)  [["created_at", "2014-05-08 15:35:29.596793"], ["genre_id", 1], ["movie_id", 4], ["updated_at", "2014-05-08 15:35:29.596793"]]
  [1m[36mSQL (0.1ms)[0m  [1mINSERT INTO "characterizations" ("created_at", "genre_id", "movie_id", "updated_at") VALUES (?, ?, ?, ?)[0m  [["created_at", "2014-05-08 15:35:29.597993"], ["genre_id", 5], ["movie_id", 4], ["updated_at", "2014-05-08 15:35:29.597993"]]
  [1m[35m (137.8ms)[0m  commit transaction
  [1m[36mMovie Load (0.2ms)[0m  [1mSELECT  "movies".* FROM "movies"  WHERE "movies"."title" = 'Catwoman' LIMIT 1[0m
  [1m[35mGenre Load (0.1ms)[0m  SELECT "genres".* FROM "genres" INNER JOIN "characterizations" ON "genres"."id" = "characterizations"."genre_id" WHERE "characterizations"."movie_id" = ?  [["movie_id", 5]]
  [1m[36m (0.1ms)[0m  [1mbegin transaction[0m
  [1m[35mSQL (0.2ms)[0m  INSERT INTO "characterizations" ("created_at", "genre_id", "movie_id", "updated_at") VALUES (?, ?, ?, ?)  [["created_at", "2014-05-08 15:35:29.738977"], ["genre_id", 1], ["movie_id", 5], ["updated_at", "2014-05-08 15:35:29.738977"]]
  [1m[36mSQL (0.0ms)[0m  [1mINSERT INTO "characterizations" ("created_at", "genre_id", "movie_id", "updated_at") VALUES (?, ?, ?, ?)[0m  [["created_at", "2014-05-08 15:35:29.740091"], ["genre_id", 6], ["movie_id", 5], ["updated_at", "2014-05-08 15:35:29.740091"]]
  [1m[35m (121.4ms)[0m  commit transaction


Started GET "/" for 127.0.0.1 at 2014-05-08 11:35:36 -0400
  [1m[36mActiveRecord::SchemaMigration Load (0.3ms)[0m  [1mSELECT "schema_migrations".* FROM "schema_migrations"[0m
Processing by MoviesController#index as HTML
  [1m[35mMovie Load (0.3ms)[0m  SELECT "movies".* FROM "movies"  WHERE (released_on <= '2014-05-08 15:35:37.496935')  ORDER BY "movies"."released_on" DESC
  Rendered movies/index.html.erb within layouts/application (88.3ms)
  Rendered layouts/_header.html.erb (0.9ms)
  Rendered layouts/_flashes.html.erb (0.3ms)
  Rendered layouts/_sidebar.html.erb (0.8ms)
  Rendered layouts/_footer.html.erb (0.3ms)
Completed 200 OK in 1377ms (Views: 1303.7ms | ActiveRecord: 0.6ms)


Started GET "/assets/movies.css?body=1" for 127.0.0.1 at 2014-05-08 11:35:38 -0400


Started GET "/assets/jquery.js?body=1" for 127.0.0.1 at 2014-05-08 11:35:38 -0400


Started GET "/assets/jquery_ujs.js?body=1" for 127.0.0.1 at 2014-05-08 11:35:38 -0400


Started GET "/assets/genres.js?body=1" for 127.0.0.1 at 2014-05-08 11:35:38 -0400


Started GET "/assets/favorites.js?body=1" for 127.0.0.1 at 2014-05-08 11:35:38 -0400


Started GET "/assets/turbolinks.js?body=1" for 127.0.0.1 at 2014-05-08 11:35:38 -0400


Started GET "/assets/movies.js?body=1" for 127.0.0.1 at 2014-05-08 11:35:38 -0400


Started GET "/assets/users.js?body=1" for 127.0.0.1 at 2014-05-08 11:35:38 -0400


Started GET "/assets/application.js?body=1" for 127.0.0.1 at 2014-05-08 11:35:38 -0400


Started GET "/assets/ironman.jpg" for 127.0.0.1 at 2014-05-08 11:35:39 -0400


Started GET "/assets/reviews.js?body=1" for 127.0.0.1 at 2014-05-08 11:35:39 -0400


Started GET "/assets/catwoman.jpg" for 127.0.0.1 at 2014-05-08 11:35:39 -0400


Started GET "/assets/spiderman.jpg" for 127.0.0.1 at 2014-05-08 11:35:39 -0400


Started GET "/assets/batman.jpg" for 127.0.0.1 at 2014-05-08 11:35:39 -0400


Started GET "/assets/superman.jpg" for 127.0.0.1 at 2014-05-08 11:35:39 -0400


Started GET "/" for 127.0.0.1 at 2014-05-08 11:35:44 -0400
Processing by MoviesController#index as HTML
  [1m[36mMovie Load (0.4ms)[0m  [1mSELECT "movies".* FROM "movies"  WHERE (released_on <= '2014-05-08 15:35:44.835085')  ORDER BY "movies"."released_on" DESC[0m
  Rendered movies/index.html.erb within layouts/application (6.0ms)
  Rendered layouts/_header.html.erb (0.3ms)
  Rendered layouts/_flashes.html.erb (0.1ms)
  Rendered layouts/_sidebar.html.erb (0.4ms)
  Rendered layouts/_footer.html.erb (0.1ms)
Completed 200 OK in 18ms (Views: 16.5ms | ActiveRecord: 0.4ms)


Started GET "/assets/application.css?body=1" for 127.0.0.1 at 2014-05-08 11:35:44 -0400


Started GET "/assets/normalize.css?body=1" for 127.0.0.1 at 2014-05-08 11:35:45 -0400


Started GET "/assets/layout.css?body=1" for 127.0.0.1 at 2014-05-08 11:35:45 -0400


Started GET "/assets/elements.css?body=1" for 127.0.0.1 at 2014-05-08 11:35:45 -0400


Started GET "/assets/movies.css?body=1" for 127.0.0.1 at 2014-05-08 11:35:45 -0400


Started GET "/assets/buttons.css?body=1" for 127.0.0.1 at 2014-05-08 11:35:45 -0400


Started GET "/assets/users.css?body=1" for 127.0.0.1 at 2014-05-08 11:35:45 -0400


Started GET "/assets/forms.css?body=1" for 127.0.0.1 at 2014-05-08 11:35:45 -0400


Started GET "/assets/jquery.js?body=1" for 127.0.0.1 at 2014-05-08 11:35:45 -0400


Started GET "/assets/turbolinks.js?body=1" for 127.0.0.1 at 2014-05-08 11:35:45 -0400


Started GET "/assets/favorites.js?body=1" for 127.0.0.1 at 2014-05-08 11:35:45 -0400


Started GET "/assets/jquery_ujs.js?body=1" for 127.0.0.1 at 2014-05-08 11:35:45 -0400


Started GET "/assets/genres.js?body=1" for 127.0.0.1 at 2014-05-08 11:35:45 -0400


Started GET "/assets/movies.js?body=1" for 127.0.0.1 at 2014-05-08 11:35:45 -0400


Started GET "/assets/reviews.js?body=1" for 127.0.0.1 at 2014-05-08 11:35:45 -0400


Started GET "/assets/users.js?body=1" for 127.0.0.1 at 2014-05-08 11:35:45 -0400


Started GET "/assets/application.js?body=1" for 127.0.0.1 at 2014-05-08 11:35:45 -0400


Started GET "/assets/ironman.jpg" for 127.0.0.1 at 2014-05-08 11:35:45 -0400


Started GET "/assets/catwoman.jpg" for 127.0.0.1 at 2014-05-08 11:35:45 -0400


Started GET "/assets/spiderman.jpg" for 127.0.0.1 at 2014-05-08 11:35:45 -0400


Started GET "/assets/batman.jpg" for 127.0.0.1 at 2014-05-08 11:35:45 -0400


Started GET "/assets/superman.jpg" for 127.0.0.1 at 2014-05-08 11:35:45 -0400


Started GET "/assets/background.jpg" for 127.0.0.1 at 2014-05-08 11:35:45 -0400


Started GET "/assets/logo.png" for 127.0.0.1 at 2014-05-08 11:35:45 -0400


Started GET "/assets/arrow.png" for 127.0.0.1 at 2014-05-08 11:35:45 -0400


Started GET "/session/new" for 127.0.0.1 at 2014-05-08 11:35:51 -0400
Processing by SessionsController#new as HTML
  Rendered sessions/new.html.erb within layouts/application (1.4ms)
  Rendered layouts/_header.html.erb (1.0ms)
  Rendered layouts/_flashes.html.erb (0.4ms)
  Rendered layouts/_sidebar.html.erb (1.1ms)
  Rendered layouts/_footer.html.erb (0.3ms)
Completed 200 OK in 15ms (Views: 14.3ms | ActiveRecord: 0.0ms)


Started POST "/session" for 127.0.0.1 at 2014-05-08 11:35:53 -0400
Processing by SessionsController#create as HTML
  Parameters: {"utf8"=>"✓", "authenticity_token"=>"oHt9mnfL0zrSVZX20ZIwJHhlHH09FXwDjPx8sYHCgxs=", "email"=>"julianlocke@hotmail.com", "password"=>"[FILTERED]", "commit"=>"Sign In"}
  [1m[35mUser Load (0.1ms)[0m  SELECT  "users".* FROM "users"  WHERE "users"."email" = 'julianlocke@hotmail.com' LIMIT 1
  Rendered sessions/new.html.erb within layouts/application (1.3ms)
  Rendered layouts/_header.html.erb (0.3ms)
  Rendered layouts/_flashes.html.erb (0.1ms)
  Rendered layouts/_sidebar.html.erb (0.4ms)
  Rendered layouts/_footer.html.erb (0.1ms)
Completed 200 OK in 32ms (Views: 9.9ms | ActiveRecord: 0.4ms)


Started GET "/assets/normalize.css?body=1" for 127.0.0.1 at 2014-05-08 11:35:53 -0400


Started GET "/assets/movies.css?body=1" for 127.0.0.1 at 2014-05-08 11:35:53 -0400


Started GET "/assets/jquery.js?body=1" for 127.0.0.1 at 2014-05-08 11:35:53 -0400


Started GET "/assets/jquery_ujs.js?body=1" for 127.0.0.1 at 2014-05-08 11:35:53 -0400


Started GET "/assets/turbolinks.js?body=1" for 127.0.0.1 at 2014-05-08 11:35:53 -0400


Started GET "/assets/favorites.js?body=1" for 127.0.0.1 at 2014-05-08 11:35:53 -0400


Started GET "/assets/genres.js?body=1" for 127.0.0.1 at 2014-05-08 11:35:53 -0400


Started GET "/assets/movies.js?body=1" for 127.0.0.1 at 2014-05-08 11:35:53 -0400


Started GET "/assets/reviews.js?body=1" for 127.0.0.1 at 2014-05-08 11:35:53 -0400


Started GET "/assets/users.js?body=1" for 127.0.0.1 at 2014-05-08 11:35:53 -0400


Started GET "/assets/application.js?body=1" for 127.0.0.1 at 2014-05-08 11:35:53 -0400


Started GET "/signup" for 127.0.0.1 at 2014-05-08 11:35:54 -0400
Processing by UsersController#new as HTML
  Rendered shared/_errors.html.erb (6.1ms)
  Rendered users/_form.html.erb (77.1ms)
  Rendered users/new.html.erb within layouts/application (78.2ms)
  Rendered layouts/_header.html.erb (0.4ms)
  Rendered layouts/_flashes.html.erb (0.1ms)
  Rendered layouts/_sidebar.html.erb (0.4ms)
  Rendered layouts/_footer.html.erb (0.1ms)
Completed 200 OK in 90ms (Views: 87.8ms | ActiveRecord: 0.2ms)


Started GET "/assets/normalize.css?body=1" for 127.0.0.1 at 2014-05-08 11:35:54 -0400


Started GET "/assets/movies.css?body=1" for 127.0.0.1 at 2014-05-08 11:35:54 -0400


Started GET "/assets/jquery.js?body=1" for 127.0.0.1 at 2014-05-08 11:35:54 -0400


Started GET "/assets/jquery_ujs.js?body=1" for 127.0.0.1 at 2014-05-08 11:35:54 -0400


Started GET "/assets/turbolinks.js?body=1" for 127.0.0.1 at 2014-05-08 11:35:54 -0400


Started GET "/assets/favorites.js?body=1" for 127.0.0.1 at 2014-05-08 11:35:54 -0400


Started GET "/assets/movies.js?body=1" for 127.0.0.1 at 2014-05-08 11:35:54 -0400


Started GET "/assets/reviews.js?body=1" for 127.0.0.1 at 2014-05-08 11:35:54 -0400


Started GET "/assets/genres.js?body=1" for 127.0.0.1 at 2014-05-08 11:35:54 -0400


Started GET "/assets/users.js?body=1" for 127.0.0.1 at 2014-05-08 11:35:54 -0400


Started GET "/assets/application.js?body=1" for 127.0.0.1 at 2014-05-08 11:35:54 -0400


Started POST "/users" for 127.0.0.1 at 2014-05-08 11:36:05 -0400
Processing by UsersController#create as HTML
  Parameters: {"utf8"=>"✓", "authenticity_token"=>"oHt9mnfL0zrSVZX20ZIwJHhlHH09FXwDjPx8sYHCgxs=", "user"=>{"name"=>"Julian", "email"=>"julianlocke@hotmail.com", "password"=>"[FILTERED]", "password_confirmation"=>"[FILTERED]"}, "commit"=>"Create Account"}
  [1m[36m (0.1ms)[0m  [1mbegin transaction[0m
  [1m[35mUser Exists (0.2ms)[0m  SELECT  1 AS one FROM "users"  WHERE LOWER("users"."email") = LOWER('julianlocke@hotmail.com') LIMIT 1
Binary data inserted for `string` type on column `password_digest`
  [1m[36mSQL (0.3ms)[0m  [1mINSERT INTO "users" ("created_at", "email", "name", "password_digest", "updated_at") VALUES (?, ?, ?, ?, ?)[0m  [["created_at", "2014-05-08 15:36:05.566259"], ["email", "julianlocke@hotmail.com"], ["name", "Julian"], ["password_digest", "$2a$10$pmSDCXKWLaJd0el41V1bquUaFWECzg2YW7esHen2bT5c7DjZY0l32"], ["updated_at", "2014-05-08 15:36:05.566259"]]
  [1m[35m (163.4ms)[0m  commit transaction
Redirected to http://localhost:3000/users/5
Completed 302 Found in 288ms (ActiveRecord: 164.1ms)


Started GET "/users/5" for 127.0.0.1 at 2014-05-08 11:36:05 -0400
Processing by UsersController#show as HTML
  Parameters: {"id"=>"5"}
  [1m[36mUser Load (0.3ms)[0m  [1mSELECT  "users".* FROM "users"  WHERE "users"."id" = ? LIMIT 1[0m  [["id", 5]]
  [1m[35mUser Load (0.1ms)[0m  SELECT  "users".* FROM "users"  WHERE "users"."id" = ? LIMIT 1  [["id", 5]]
  [1m[36mMovie Exists (0.3ms)[0m  [1mSELECT  1 AS one FROM "movies" INNER JOIN "favorites" ON "movies"."id" = "favorites"."movie_id" WHERE "favorites"."user_id" = ? LIMIT 1[0m  [["user_id", 5]]
  [1m[35mReview Exists (0.2ms)[0m  SELECT  1 AS one FROM "reviews"  WHERE "reviews"."user_id" = ? LIMIT 1  [["user_id", 5]]
  Rendered users/show.html.erb within layouts/application (11.6ms)
  Rendered layouts/_header.html.erb (0.3ms)
  Rendered layouts/_flashes.html.erb (0.1ms)
  Rendered layouts/_sidebar.html.erb (0.4ms)
  Rendered layouts/_footer.html.erb (0.1ms)
Completed 200 OK in 90ms (Views: 19.8ms | ActiveRecord: 1.6ms)


Started GET "/assets/normalize.css?body=1" for 127.0.0.1 at 2014-05-08 11:36:05 -0400


Started GET "/assets/movies.css?body=1" for 127.0.0.1 at 2014-05-08 11:36:05 -0400


Started GET "/assets/jquery.js?body=1" for 127.0.0.1 at 2014-05-08 11:36:05 -0400


Started GET "/assets/jquery_ujs.js?body=1" for 127.0.0.1 at 2014-05-08 11:36:05 -0400


Started GET "/assets/turbolinks.js?body=1" for 127.0.0.1 at 2014-05-08 11:36:05 -0400


Started GET "/assets/genres.js?body=1" for 127.0.0.1 at 2014-05-08 11:36:05 -0400


Started GET "/assets/movies.js?body=1" for 127.0.0.1 at 2014-05-08 11:36:05 -0400


Started GET "/assets/favorites.js?body=1" for 127.0.0.1 at 2014-05-08 11:36:05 -0400


Started GET "/assets/reviews.js?body=1" for 127.0.0.1 at 2014-05-08 11:36:05 -0400


Started GET "/assets/users.js?body=1" for 127.0.0.1 at 2014-05-08 11:36:05 -0400


Started GET "/assets/application.js?body=1" for 127.0.0.1 at 2014-05-08 11:36:05 -0400


Started GET "/" for 127.0.0.1 at 2014-05-08 11:36:12 -0400
Processing by MoviesController#index as HTML
  [1m[36mMovie Load (0.3ms)[0m  [1mSELECT "movies".* FROM "movies"  WHERE (released_on <= '2014-05-08 15:36:12.387204')  ORDER BY "movies"."released_on" DESC[0m
  Rendered movies/index.html.erb within layouts/application (7.4ms)
  [1m[35mUser Load (0.1ms)[0m  SELECT  "users".* FROM "users"  WHERE "users"."id" = ? LIMIT 1  [["id", 5]]
  Rendered layouts/_header.html.erb (1.6ms)
  Rendered layouts/_flashes.html.erb (0.1ms)
  Rendered layouts/_sidebar.html.erb (0.4ms)
  Rendered layouts/_footer.html.erb (0.1ms)
Completed 200 OK in 21ms (Views: 18.6ms | ActiveRecord: 0.5ms)


Started GET "/assets/ironman.jpg" for 127.0.0.1 at 2014-05-08 11:36:12 -0400


Started GET "/assets/catwoman.jpg" for 127.0.0.1 at 2014-05-08 11:36:12 -0400


Started GET "/assets/spiderman.jpg" for 127.0.0.1 at 2014-05-08 11:36:12 -0400


Started GET "/assets/batman.jpg" for 127.0.0.1 at 2014-05-08 11:36:12 -0400


Started GET "/assets/superman.jpg" for 127.0.0.1 at 2014-05-08 11:36:12 -0400


Started GET "/movies/iron-man" for 127.0.0.1 at 2014-05-08 11:36:14 -0400
Processing by MoviesController#show as HTML
  Parameters: {"id"=>"iron-man"}
  [1m[36mMovie Load (0.3ms)[0m  [1mSELECT  "movies".* FROM "movies"  WHERE "movies"."slug" = 'iron-man' LIMIT 1[0m
  [1m[35mUser Load (0.1ms)[0m  SELECT  "users".* FROM "users"  WHERE "users"."id" = ? LIMIT 1  [["id", 5]]
  [1m[36mFavorite Load (0.2ms)[0m  [1mSELECT  "favorites".* FROM "favorites"  WHERE "favorites"."user_id" = ? AND "favorites"."movie_id" = 1 LIMIT 1[0m  [["user_id", 5]]
  [1m[35m (0.3ms)[0m  SELECT COUNT(*) FROM "users" INNER JOIN "favorites" ON "users"."id" = "favorites"."user_id" WHERE "favorites"."movie_id" = ?  [["movie_id", 1]]
  [1m[36mUser Exists (0.2ms)[0m  [1mSELECT  1 AS one FROM "users" INNER JOIN "favorites" ON "users"."id" = "favorites"."user_id" WHERE "favorites"."movie_id" = ? LIMIT 1[0m  [["movie_id", 1]]
  [1m[35mUser Load (0.1ms)[0m  SELECT "users".* FROM "users" INNER JOIN "favorites" ON "users"."id" = "favorites"."user_id" WHERE "favorites"."movie_id" = ?  [["movie_id", 1]]
  [1m[36m (0.2ms)[0m  [1mSELECT AVG("reviews"."stars") AS avg_id FROM "reviews"  WHERE "reviews"."movie_id" = ?[0m  [["movie_id", 1]]
  [1m[35mCACHE (0.0ms)[0m  SELECT AVG("reviews"."stars") AS avg_id FROM "reviews"  WHERE "reviews"."movie_id" = ?  [["movie_id", 1]]
  [1m[36mGenre Load (0.2ms)[0m  [1mSELECT "genres".* FROM "genres" INNER JOIN "characterizations" ON "genres"."id" = "characterizations"."genre_id" WHERE "characterizations"."movie_id" = ?[0m  [["movie_id", 1]]
  [1m[35m (0.4ms)[0m  SELECT COUNT(*) FROM "reviews"  WHERE "reviews"."movie_id" = ?  [["movie_id", 1]]
  Rendered movies/show.html.erb within layouts/application (19.3ms)
  Rendered layouts/_header.html.erb (0.6ms)
  Rendered layouts/_flashes.html.erb (0.1ms)
  Rendered layouts/_sidebar.html.erb (0.4ms)
  Rendered layouts/_footer.html.erb (0.1ms)
Completed 200 OK in 46ms (Views: 28.6ms | ActiveRecord: 2.6ms)


Started GET "/assets/ironman.jpg" for 127.0.0.1 at 2014-05-08 11:36:14 -0400


Started POST "/movies/iron-man/favorites" for 127.0.0.1 at 2014-05-08 11:36:15 -0400
Processing by FavoritesController#create as HTML
  Parameters: {"authenticity_token"=>"oHt9mnfL0zrSVZX20ZIwJHhlHH09FXwDjPx8sYHCgxs=", "movie_id"=>"iron-man"}
  [1m[36mUser Load (0.1ms)[0m  [1mSELECT  "users".* FROM "users"  WHERE "users"."id" = ? LIMIT 1[0m  [["id", 5]]
  [1m[35mMovie Load (0.2ms)[0m  SELECT  "movies".* FROM "movies"  WHERE "movies"."slug" = 'iron-man' LIMIT 1
  [1m[36m (0.1ms)[0m  [1mbegin transaction[0m
  [1m[35mSQL (0.3ms)[0m  INSERT INTO "favorites" ("created_at", "movie_id", "updated_at", "user_id") VALUES (?, ?, ?, ?)  [["created_at", "2014-05-08 15:36:15.828148"], ["movie_id", 1], ["updated_at", "2014-05-08 15:36:15.828148"], ["user_id", 5]]
  [1m[36m (312.0ms)[0m  [1mcommit transaction[0m
Redirected to http://localhost:3000/movies/iron-man
Completed 302 Found in 334ms (ActiveRecord: 313.0ms)


Started GET "/movies/iron-man" for 127.0.0.1 at 2014-05-08 11:36:16 -0400
Processing by MoviesController#show as HTML
  Parameters: {"id"=>"iron-man"}
  [1m[35mMovie Load (0.2ms)[0m  SELECT  "movies".* FROM "movies"  WHERE "movies"."slug" = 'iron-man' LIMIT 1
  [1m[36mUser Load (0.1ms)[0m  [1mSELECT  "users".* FROM "users"  WHERE "users"."id" = ? LIMIT 1[0m  [["id", 5]]
  [1m[35mFavorite Load (0.1ms)[0m  SELECT  "favorites".* FROM "favorites"  WHERE "favorites"."user_id" = ? AND "favorites"."movie_id" = 1 LIMIT 1  [["user_id", 5]]
  [1m[36m (0.1ms)[0m  [1mSELECT COUNT(*) FROM "users" INNER JOIN "favorites" ON "users"."id" = "favorites"."user_id" WHERE "favorites"."movie_id" = ?[0m  [["movie_id", 1]]
  [1m[35mUser Exists (0.1ms)[0m  SELECT  1 AS one FROM "users" INNER JOIN "favorites" ON "users"."id" = "favorites"."user_id" WHERE "favorites"."movie_id" = ? LIMIT 1  [["movie_id", 1]]
  [1m[36mUser Load (0.1ms)[0m  [1mSELECT "users".* FROM "users" INNER JOIN "favorites" ON "users"."id" = "favorites"."user_id" WHERE "favorites"."movie_id" = ?[0m  [["movie_id", 1]]
  [1m[35m (0.1ms)[0m  SELECT AVG("reviews"."stars") AS avg_id FROM "reviews"  WHERE "reviews"."movie_id" = ?  [["movie_id", 1]]
  [1m[36mCACHE (0.0ms)[0m  [1mSELECT AVG("reviews"."stars") AS avg_id FROM "reviews"  WHERE "reviews"."movie_id" = ?[0m  [["movie_id", 1]]
  [1m[35mGenre Load (0.1ms)[0m  SELECT "genres".* FROM "genres" INNER JOIN "characterizations" ON "genres"."id" = "characterizations"."genre_id" WHERE "characterizations"."movie_id" = ?  [["movie_id", 1]]
  [1m[36m (0.0ms)[0m  [1mSELECT COUNT(*) FROM "reviews"  WHERE "reviews"."movie_id" = ?[0m  [["movie_id", 1]]
  Rendered movies/show.html.erb within layouts/application (9.3ms)
  Rendered layouts/_header.html.erb (0.5ms)
  Rendered layouts/_flashes.html.erb (0.1ms)
  Rendered layouts/_sidebar.html.erb (0.4ms)
  Rendered layouts/_footer.html.erb (0.1ms)
Completed 200 OK in 59ms (Views: 54.4ms | ActiveRecord: 0.8ms)


Started GET "/assets/normalize.css?body=1" for 127.0.0.1 at 2014-05-08 11:36:16 -0400


Started GET "/assets/movies.css?body=1" for 127.0.0.1 at 2014-05-08 11:36:16 -0400


Started GET "/assets/jquery_ujs.js?body=1" for 127.0.0.1 at 2014-05-08 11:36:16 -0400


Started GET "/assets/favorites.js?body=1" for 127.0.0.1 at 2014-05-08 11:36:16 -0400


Started GET "/assets/turbolinks.js?body=1" for 127.0.0.1 at 2014-05-08 11:36:16 -0400


Started GET "/assets/jquery.js?body=1" for 127.0.0.1 at 2014-05-08 11:36:16 -0400


Started GET "/assets/genres.js?body=1" for 127.0.0.1 at 2014-05-08 11:36:16 -0400


Started GET "/assets/movies.js?body=1" for 127.0.0.1 at 2014-05-08 11:36:16 -0400


Started GET "/assets/reviews.js?body=1" for 127.0.0.1 at 2014-05-08 11:36:16 -0400


Started GET "/assets/users.js?body=1" for 127.0.0.1 at 2014-05-08 11:36:16 -0400


Started GET "/assets/application.js?body=1" for 127.0.0.1 at 2014-05-08 11:36:16 -0400


Started GET "/assets/ironman.jpg" for 127.0.0.1 at 2014-05-08 11:36:16 -0400


Started GET "/users/5" for 127.0.0.1 at 2014-05-08 11:36:27 -0400
Processing by UsersController#show as HTML
  Parameters: {"id"=>"5"}
  [1m[35mUser Load (0.1ms)[0m  SELECT  "users".* FROM "users"  WHERE "users"."id" = ? LIMIT 1  [["id", 5]]
  [1m[36mUser Load (0.1ms)[0m  [1mSELECT  "users".* FROM "users"  WHERE "users"."id" = ? LIMIT 1[0m  [["id", 5]]
  [1m[35mMovie Exists (0.2ms)[0m  SELECT  1 AS one FROM "movies" INNER JOIN "favorites" ON "movies"."id" = "favorites"."movie_id" WHERE "favorites"."user_id" = ? LIMIT 1  [["user_id", 5]]
  [1m[36mMovie Load (0.2ms)[0m  [1mSELECT "movies".* FROM "movies" INNER JOIN "favorites" ON "movies"."id" = "favorites"."movie_id" WHERE "favorites"."user_id" = ?[0m  [["user_id", 5]]
  [1m[35mReview Exists (0.1ms)[0m  SELECT  1 AS one FROM "reviews"  WHERE "reviews"."user_id" = ? LIMIT 1  [["user_id", 5]]
  Rendered users/show.html.erb within layouts/application (6.1ms)
  Rendered layouts/_header.html.erb (0.8ms)
  Rendered layouts/_flashes.html.erb (0.1ms)
  Rendered layouts/_sidebar.html.erb (0.4ms)
  Rendered layouts/_footer.html.erb (0.1ms)
Completed 200 OK in 76ms (Views: 71.5ms | ActiveRecord: 0.7ms)
  [1m[36mUser Load (0.1ms)[0m  [1mSELECT  "users".* FROM "users"  WHERE "users"."name" = 'Julian' LIMIT 1[0m
  [1m[35m (0.2ms)[0m  begin transaction
  [1m[36mUser Exists (0.2ms)[0m  [1mSELECT  1 AS one FROM "users"  WHERE (LOWER("users"."email") = LOWER('julianlocke@hotmail.com') AND "users"."id" != 5) LIMIT 1[0m
  [1m[35mSQL (0.4ms)[0m  UPDATE "users" SET "admin" = ?, "updated_at" = ? WHERE "users"."id" = 5  [["admin", "t"], ["updated_at", "2014-05-08 15:37:10.383985"]]
  [1m[36m (131.2ms)[0m  [1mcommit transaction[0m


Started GET "/" for 127.0.0.1 at 2014-05-08 11:37:27 -0400
  [1m[36mActiveRecord::SchemaMigration Load (0.1ms)[0m  [1mSELECT "schema_migrations".* FROM "schema_migrations"[0m
Processing by MoviesController#index as HTML
  [1m[35mMovie Load (0.3ms)[0m  SELECT "movies".* FROM "movies"  WHERE (released_on <= '2014-05-08 15:37:28.411890')  ORDER BY "movies"."released_on" DESC
  Rendered movies/index.html.erb within layouts/application (73.5ms)
  [1m[36mUser Load (0.2ms)[0m  [1mSELECT  "users".* FROM "users"  WHERE "users"."id" = ? LIMIT 1[0m  [["id", 5]]
  Rendered layouts/_header.html.erb (21.1ms)
  Rendered layouts/_flashes.html.erb (0.4ms)
  Rendered layouts/_sidebar.html.erb (0.9ms)
  Rendered layouts/_footer.html.erb (0.3ms)
Completed 200 OK in 307ms (Views: 234.1ms | ActiveRecord: 1.1ms)


Started GET "/assets/normalize.css?body=1" for 127.0.0.1 at 2014-05-08 11:37:28 -0400


Started GET "/assets/movies.css?body=1" for 127.0.0.1 at 2014-05-08 11:37:28 -0400


Started GET "/assets/turbolinks.js?body=1" for 127.0.0.1 at 2014-05-08 11:37:28 -0400


Started GET "/assets/jquery_ujs.js?body=1" for 127.0.0.1 at 2014-05-08 11:37:28 -0400


Started GET "/assets/favorites.js?body=1" for 127.0.0.1 at 2014-05-08 11:37:28 -0400


Started GET "/assets/jquery.js?body=1" for 127.0.0.1 at 2014-05-08 11:37:28 -0400


Started GET "/assets/genres.js?body=1" for 127.0.0.1 at 2014-05-08 11:37:28 -0400


Started GET "/assets/movies.js?body=1" for 127.0.0.1 at 2014-05-08 11:37:28 -0400


Started GET "/assets/reviews.js?body=1" for 127.0.0.1 at 2014-05-08 11:37:28 -0400


Started GET "/assets/users.js?body=1" for 127.0.0.1 at 2014-05-08 11:37:28 -0400


Started GET "/assets/application.js?body=1" for 127.0.0.1 at 2014-05-08 11:37:28 -0400


Started GET "/assets/ironman.jpg" for 127.0.0.1 at 2014-05-08 11:37:28 -0400


Started GET "/assets/batman.jpg" for 127.0.0.1 at 2014-05-08 11:37:28 -0400


Started GET "/assets/spiderman.jpg" for 127.0.0.1 at 2014-05-08 11:37:28 -0400


Started GET "/assets/catwoman.jpg" for 127.0.0.1 at 2014-05-08 11:37:28 -0400


Started GET "/assets/superman.jpg" for 127.0.0.1 at 2014-05-08 11:37:28 -0400


Started GET "/assets/add.png" for 127.0.0.1 at 2014-05-08 11:37:28 -0400


Started GET "/users/5" for 127.0.0.1 at 2014-05-08 11:37:31 -0400
Processing by UsersController#show as HTML
  Parameters: {"id"=>"5"}
  [1m[35mUser Load (0.1ms)[0m  SELECT  "users".* FROM "users"  WHERE "users"."id" = ? LIMIT 1  [["id", 5]]
  [1m[36mUser Load (0.1ms)[0m  [1mSELECT  "users".* FROM "users"  WHERE "users"."id" = ? LIMIT 1[0m  [["id", 5]]
  [1m[35mMovie Exists (0.3ms)[0m  SELECT  1 AS one FROM "movies" INNER JOIN "favorites" ON "movies"."id" = "favorites"."movie_id" WHERE "favorites"."user_id" = ? LIMIT 1  [["user_id", 5]]
  [1m[36mMovie Load (0.2ms)[0m  [1mSELECT "movies".* FROM "movies" INNER JOIN "favorites" ON "movies"."id" = "favorites"."movie_id" WHERE "favorites"."user_id" = ?[0m  [["user_id", 5]]
  [1m[35mReview Exists (0.1ms)[0m  SELECT  1 AS one FROM "reviews"  WHERE "reviews"."user_id" = ? LIMIT 1  [["user_id", 5]]
  Rendered users/show.html.erb within layouts/application (62.1ms)
  Rendered layouts/_header.html.erb (1.0ms)
  Rendered layouts/_flashes.html.erb (0.3ms)
  Rendered layouts/_sidebar.html.erb (1.0ms)
  Rendered layouts/_footer.html.erb (0.3ms)
Completed 200 OK in 156ms (Views: 72.4ms | ActiveRecord: 1.3ms)


Started GET "/" for 127.0.0.1 at 2014-05-08 11:37:34 -0400
Processing by MoviesController#index as HTML
  [1m[36mMovie Load (0.3ms)[0m  [1mSELECT "movies".* FROM "movies"  WHERE (released_on <= '2014-05-08 15:37:34.633625')  ORDER BY "movies"."released_on" DESC[0m
  Rendered movies/index.html.erb within layouts/application (5.4ms)
  [1m[35mUser Load (0.1ms)[0m  SELECT  "users".* FROM "users"  WHERE "users"."id" = ? LIMIT 1  [["id", 5]]
  Rendered layouts/_header.html.erb (1.7ms)
  Rendered layouts/_flashes.html.erb (0.1ms)
  Rendered layouts/_sidebar.html.erb (0.5ms)
  Rendered layouts/_footer.html.erb (0.1ms)
Completed 200 OK in 20ms (Views: 18.2ms | ActiveRecord: 0.5ms)


Started GET "/assets/ironman.jpg" for 127.0.0.1 at 2014-05-08 11:37:34 -0400


Started GET "/assets/catwoman.jpg" for 127.0.0.1 at 2014-05-08 11:37:34 -0400


Started GET "/assets/spiderman.jpg" for 127.0.0.1 at 2014-05-08 11:37:34 -0400


Started GET "/assets/superman.jpg" for 127.0.0.1 at 2014-05-08 11:37:34 -0400


Started GET "/assets/batman.jpg" for 127.0.0.1 at 2014-05-08 11:37:34 -0400


Started GET "/movies/iron-man" for 127.0.0.1 at 2014-05-08 11:37:36 -0400
Processing by MoviesController#show as HTML
  Parameters: {"id"=>"iron-man"}
  [1m[36mMovie Load (0.3ms)[0m  [1mSELECT  "movies".* FROM "movies"  WHERE "movies"."slug" = 'iron-man' LIMIT 1[0m
  [1m[35mUser Load (0.1ms)[0m  SELECT  "users".* FROM "users"  WHERE "users"."id" = ? LIMIT 1  [["id", 5]]
  [1m[36mFavorite Load (0.2ms)[0m  [1mSELECT  "favorites".* FROM "favorites"  WHERE "favorites"."user_id" = ? AND "favorites"."movie_id" = 1 LIMIT 1[0m  [["user_id", 5]]
  [1m[35m (0.3ms)[0m  SELECT COUNT(*) FROM "users" INNER JOIN "favorites" ON "users"."id" = "favorites"."user_id" WHERE "favorites"."movie_id" = ?  [["movie_id", 1]]
  [1m[36mUser Exists (0.3ms)[0m  [1mSELECT  1 AS one FROM "users" INNER JOIN "favorites" ON "users"."id" = "favorites"."user_id" WHERE "favorites"."movie_id" = ? LIMIT 1[0m  [["movie_id", 1]]
  [1m[35mUser Load (0.1ms)[0m  SELECT "users".* FROM "users" INNER JOIN "favorites" ON "users"."id" = "favorites"."user_id" WHERE "favorites"."movie_id" = ?  [["movie_id", 1]]
  [1m[36m (0.3ms)[0m  [1mSELECT AVG("reviews"."stars") AS avg_id FROM "reviews"  WHERE "reviews"."movie_id" = ?[0m  [["movie_id", 1]]
  [1m[35mCACHE (0.0ms)[0m  SELECT AVG("reviews"."stars") AS avg_id FROM "reviews"  WHERE "reviews"."movie_id" = ?  [["movie_id", 1]]
  [1m[36mGenre Load (0.2ms)[0m  [1mSELECT "genres".* FROM "genres" INNER JOIN "characterizations" ON "genres"."id" = "characterizations"."genre_id" WHERE "characterizations"."movie_id" = ?[0m  [["movie_id", 1]]
  [1m[35m (0.2ms)[0m  SELECT COUNT(*) FROM "reviews"  WHERE "reviews"."movie_id" = ?  [["movie_id", 1]]
  Rendered movies/show.html.erb within layouts/application (21.4ms)
  Rendered layouts/_header.html.erb (0.5ms)
  Rendered layouts/_flashes.html.erb (0.1ms)
  Rendered layouts/_sidebar.html.erb (0.5ms)
  Rendered layouts/_footer.html.erb (0.1ms)
Completed 200 OK in 114ms (Views: 31.1ms | ActiveRecord: 2.5ms)


Started GET "/assets/ironman.jpg" for 127.0.0.1 at 2014-05-08 11:37:36 -0400


Started GET "/movies/iron-man/reviews" for 127.0.0.1 at 2014-05-08 11:37:38 -0400
Processing by ReviewsController#index as HTML
  Parameters: {"movie_id"=>"iron-man"}
  [1m[36mUser Load (0.1ms)[0m  [1mSELECT  "users".* FROM "users"  WHERE "users"."id" = ? LIMIT 1[0m  [["id", 5]]
  [1m[35mMovie Load (0.2ms)[0m  SELECT  "movies".* FROM "movies"  WHERE "movies"."slug" = 'iron-man' LIMIT 1
  [1m[36mReview Load (1.8ms)[0m  [1mSELECT "reviews".* FROM "reviews"  WHERE "reviews"."movie_id" = ?[0m  [["movie_id", 1]]
  [1m[35mUser Load (0.2ms)[0m  SELECT  "users".* FROM "users"  WHERE "users"."id" = ? LIMIT 1  [["id", 1]]
  [1m[36mUser Load (0.1ms)[0m  [1mSELECT  "users".* FROM "users"  WHERE "users"."id" = ? LIMIT 1[0m  [["id", 2]]
  [1m[35mUser Load (0.1ms)[0m  SELECT  "users".* FROM "users"  WHERE "users"."id" = ? LIMIT 1  [["id", 3]]
  Rendered reviews/index.html.erb within layouts/application (16.0ms)
  Rendered layouts/_header.html.erb (0.5ms)
  Rendered layouts/_flashes.html.erb (0.1ms)
  Rendered layouts/_sidebar.html.erb (0.5ms)
  Rendered layouts/_footer.html.erb (0.1ms)
Completed 200 OK in 32ms (Views: 26.8ms | ActiveRecord: 2.5ms)
